c:\users\itai marts\desktop\cyber2\hw2\sandbox\broker\broker\broker\debug\broker.pch
c:\users\itai marts\desktop\cyber2\hw2\sandbox\broker\broker\broker\debug\vc140.pdb
c:\users\itai marts\desktop\cyber2\hw2\sandbox\broker\broker\broker\debug\vc140.idb
c:\users\itai marts\desktop\cyber2\hw2\sandbox\broker\broker\broker\debug\stdafx.obj
c:\users\itai marts\desktop\cyber2\hw2\sandbox\broker\broker\broker\debug\broker.obj
c:\users\itai marts\desktop\cyber2\hw2\sandbox\broker\broker\broker\debug\ipc.obj
c:\users\itai marts\desktop\cyber2\hw2\sandbox\broker\broker\broker\debug\processcreation.obj
c:\users\itai marts\desktop\cyber2\hw2\sandbox\broker\broker\broker\debug\tokenutils.obj
c:\users\itai marts\desktop\cyber2\hw2\sandbox\broker\broker\broker\debug\utils.obj
c:\users\itai marts\desktop\cyber2\hw2\sandbox\broker\broker\broker\debug\broker.res
c:\users\itai marts\desktop\cyber2\hw2\sandbox\broker\broker\broker\debug\ipc.obj.enc
c:\users\itai marts\desktop\cyber2\hw2\sandbox\broker\broker\broker\debug\processcreation.obj.enc
c:\users\itai marts\desktop\cyber2\hw2\sandbox\broker\broker\debug\broker.pdb
c:\users\itai marts\desktop\cyber2\hw2\sandbox\broker\broker\broker\debug\broker.tlog\cl.command.1.tlog
c:\users\itai marts\desktop\cyber2\hw2\sandbox\broker\broker\broker\debug\broker.tlog\cl.read.1.tlog
c:\users\itai marts\desktop\cyber2\hw2\sandbox\broker\broker\broker\debug\broker.tlog\cl.write.1.tlog
c:\users\itai marts\desktop\cyber2\hw2\sandbox\broker\broker\broker\debug\broker.tlog\link-cvtres.read.1.tlog
c:\users\itai marts\desktop\cyber2\hw2\sandbox\broker\broker\broker\debug\broker.tlog\link-cvtres.write.1.tlog
c:\users\itai marts\desktop\cyber2\hw2\sandbox\broker\broker\broker\debug\broker.tlog\link-rc.read.1.tlog
c:\users\itai marts\desktop\cyber2\hw2\sandbox\broker\broker\broker\debug\broker.tlog\link-rc.write.1.tlog
c:\users\itai marts\desktop\cyber2\hw2\sandbox\broker\broker\broker\debug\broker.tlog\link.9248-cvtres.read.1.tlog
c:\users\itai marts\desktop\cyber2\hw2\sandbox\broker\broker\broker\debug\broker.tlog\link.9248-cvtres.write.1.tlog
c:\users\itai marts\desktop\cyber2\hw2\sandbox\broker\broker\broker\debug\broker.tlog\link.9248-rc.read.1.tlog
c:\users\itai marts\desktop\cyber2\hw2\sandbox\broker\broker\broker\debug\broker.tlog\link.9248-rc.write.1.tlog
c:\users\itai marts\desktop\cyber2\hw2\sandbox\broker\broker\broker\debug\broker.tlog\link.9248.read.1.tlog
c:\users\itai marts\desktop\cyber2\hw2\sandbox\broker\broker\broker\debug\broker.tlog\link.9248.write.1.tlog
c:\users\itai marts\desktop\cyber2\hw2\sandbox\broker\broker\broker\debug\broker.tlog\link.command.1.tlog
c:\users\itai marts\desktop\cyber2\hw2\sandbox\broker\broker\broker\debug\broker.tlog\link.read.1.tlog
c:\users\itai marts\desktop\cyber2\hw2\sandbox\broker\broker\broker\debug\broker.tlog\link.write.1.tlog
c:\users\itai marts\desktop\cyber2\hw2\sandbox\broker\broker\broker\debug\broker.tlog\rc.command.1.tlog
c:\users\itai marts\desktop\cyber2\hw2\sandbox\broker\broker\broker\debug\broker.tlog\rc.read.1.tlog
c:\users\itai marts\desktop\cyber2\hw2\sandbox\broker\broker\broker\debug\broker.tlog\rc.write.1.tlog
